<?xml version="1.0" encoding="UTF-8"?>
<!-- Generated by org.testng.reporters.JUnitReportReporter -->
<testsuite hostname="TYSS-Sanjay" failures="0" tests="1" name="com.comcast.crm.producttest.CreateProductTest" time="8.331" errors="0" timestamp="03 Jun 2024 12:02:56 GMT" skipped="0">
  <testcase classname="com.comcast.crm.producttest.CreateProductTest" name="Create_Product_With_Mandatory_Fields" time="8.331"/>
</testsuite> <!-- com.comcast.crm.producttest.CreateProductTest -->
