<?xml version="1.0" encoding="UTF-8"?>
<!-- Generated by org.testng.reporters.JUnitReportReporter -->
<testsuite hostname="TYSS-Jhanvi-Asopa" failures="0" tests="1" name="com.comcast.crm.organizationtest.addNoteTest" time="42.460" errors="0" timestamp="03 Jun 2024 12:02:10 GMT" skipped="0">
  <testcase classname="com.comcast.crm.organizationtest.addNoteTest" name="user_is_able_to_add_a_note" time="42.460"/>
</testsuite> <!-- com.comcast.crm.organizationtest.addNoteTest -->
