<?xml version="1.0" encoding="UTF-8"?>
<!-- Generated by org.testng.reporters.JUnitReportReporter -->
<testsuite hostname="TYSS-Jhanvi-Asopa" failures="0" tests="1" name="com.comcast.crm.organizationtest.createAContactInMoreInfoTest" time="16.112" errors="0" timestamp="03 Jun 2024 12:47:46 GMT" skipped="0">
  <testcase classname="com.comcast.crm.organizationtest.createAContactInMoreInfoTest" name="creata_A_Contact" time="16.112"/>
</testsuite> <!-- com.comcast.crm.organizationtest.createAContactInMoreInfoTest -->
