<?xml version="1.0" encoding="UTF-8"?>
<!-- Generated by org.testng.reporters.JUnitReportReporter -->
<testsuite hostname="TYSS-Basavaraj" failures="0" tests="1" name="com.comcast.crm.leadtest.LeadTest" time="15.608" errors="0" timestamp="03 Jun 2024 04:55:50 GMT" skipped="0">
  <testcase classname="com.comcast.crm.leadtest.LeadTest" name="save_Mail_For_Created_Lead" time="15.608"/>
</testsuite> <!-- com.comcast.crm.leadtest.LeadTest -->
