<?xml version="1.0" encoding="UTF-8"?>
<!-- Generated by org.testng.reporters.JUnitReportReporter -->
<testsuite hostname="FFE-Asha-R" failures="0" tests="1" name="com.comcast.crm.oppotunityTest.OpportunityTest" time="18.226" errors="0" timestamp="03 Jun 2024 07:29:41 GMT" skipped="0">
  <testcase classname="com.comcast.crm.oppotunityTest.OpportunityTest" name="Create_opportunity_with_ContactTest" time="18.226"/>
</testsuite> <!-- com.comcast.crm.oppotunityTest.OpportunityTest -->
