<?xml version="1.0" encoding="UTF-8"?>
<!-- Generated by org.testng.reporters.JUnitReportReporter -->
<testsuite hostname="TYSS-Jhanvi-Asopa" failures="0" tests="1" name="com.comcast.crm.organizationtest.createOrganization" time="29.212" errors="0" timestamp="03 Jun 2024 11:50:50 GMT" skipped="0">
  <testcase classname="com.comcast.crm.organizationtest.createOrganization" name="user_is_able_to_add_a_note" time="29.212"/>
</testsuite> <!-- com.comcast.crm.organizationtest.createOrganization -->
