<?xml version="1.0" encoding="UTF-8"?>
<!-- Generated by org.testng.reporters.JUnitReportReporter -->
<testsuite hostname="Raghav" failures="0" tests="1" name="com.comcast.crm.campaigns.Create_Campaigns" time="144.024" errors="0" timestamp="03 Jun 2024 10:53:46 GMT" skipped="0">
  <testcase classname="com.comcast.crm.campaigns.Create_Campaigns" name="createCampaignsTest" time="144.024"/>
</testsuite> <!-- com.comcast.crm.campaigns.Create_Campaigns -->
