<?xml version="1.0" encoding="UTF-8"?>
<!-- Generated by org.testng.reporters.JUnitReportReporter -->
<testsuite hostname="TYSS-Basavaraj" failures="0" tests="1" name="com.comcast.crm.leadtest.CreateLeadTest" time="8.435" errors="0" timestamp="31 May 2024 05:40:32 GMT" skipped="0">
  <testcase classname="com.comcast.crm.leadtest.CreateLeadTest" name="create_Lead_With_Description_Information" time="8.435"/>
</testsuite> <!-- com.comcast.crm.leadtest.CreateLeadTest -->
