<?xml version="1.0" encoding="UTF-8"?>
<!-- Generated by org.testng.reporters.JUnitReportReporter -->
<testsuite hostname="Raghav" failures="0" tests="1" name="com.comcast.crm.campaigns.CreateCampaignWithProduct" time="26.281" errors="0" timestamp="03 Jun 2024 12:09:39 GMT" skipped="0">
  <testcase classname="com.comcast.crm.campaigns.CreateCampaignWithProduct" name="campaignWithProduct" time="26.281"/>
</testsuite> <!-- com.comcast.crm.campaigns.CreateCampaignWithProduct -->
